















[09-Oct-2020 14:43:48 UTC] デバッグ：「「「「「「「「「「「「「「「「「「「「「「「「「「「「「「「「「「「「「「「「
[09-Oct-2020 14:43:48 UTC] デバッグ：「　ユーザー登録ページ　
[09-Oct-2020 14:43:48 UTC] デバッグ：「「「「「「「「「「「「「「「「「「「「「「「「「「「「「「「「「「「「「「「「
[09-Oct-2020 14:43:48 UTC] デバッグ：>>>>>>>>>>>>>>>>>>>>>>>>>>>>>>>>>>>>>>>>>>>>>>>> 画面表示処理開始
[09-Oct-2020 14:43:48 UTC] デバッグ：セッションID：voarfvh5p76latker0b2bkgapn
[09-Oct-2020 14:43:48 UTC] デバッグ：セッション変数の中身：Array
(
)

[09-Oct-2020 14:43:48 UTC] デバッグ：現在日時タイムスタンプ：1602254628
[09-Oct-2020 14:43:48 UTC] デバッグ：「「「「「「「「「「「「「「「「「「「「「「「「「「「「「「「「「「「「「「「「
[09-Oct-2020 14:43:48 UTC] デバッグ：「　ユーザー登録ページ　
[09-Oct-2020 14:43:48 UTC] デバッグ：「「「「「「「「「「「「「「「「「「「「「「「「「「「「「「「「「「「「「「「「
[09-Oct-2020 14:43:48 UTC] デバッグ：>>>>>>>>>>>>>>>>>>>>>>>>>>>>>>>>>>>>>>>>>>>>>>>> 画面表示処理開始
[09-Oct-2020 14:43:48 UTC] デバッグ：セッションID：rtbo1p4e0g4ajcdqei2na085gt
[09-Oct-2020 14:43:48 UTC] デバッグ：セッション変数の中身：Array
(
)

[09-Oct-2020 14:43:48 UTC] デバッグ：現在日時タイムスタンプ：1602254628
[09-Oct-2020 14:51:11 UTC] デバッグ：「「「「「「「「「「「「「「「「「「「「「「「「「「「「「「「「「「「「「「「「
[09-Oct-2020 14:51:11 UTC] デバッグ：「　ユーザー登録ページ　
[09-Oct-2020 14:51:11 UTC] デバッグ：「「「「「「「「「「「「「「「「「「「「「「「「「「「「「「「「「「「「「「「「
[09-Oct-2020 14:51:11 UTC] デバッグ：>>>>>>>>>>>>>>>>>>>>>>>>>>>>>>>>>>>>>>>>>>>>>>>> 画面表示処理開始
[09-Oct-2020 14:51:11 UTC] デバッグ：セッションID：9aa8j3hcelbl44fbinpdrcrpu9
[09-Oct-2020 14:51:11 UTC] デバッグ：セッション変数の中身：Array
(
)

[09-Oct-2020 14:51:11 UTC] デバッグ：現在日時タイムスタンプ：1602255071
[09-Oct-2020 14:51:11 UTC] デバッグ：「「「「「「「「「「「「「「「「「「「「「「「「「「「「「「「「「「「「「「「「
[09-Oct-2020 14:51:11 UTC] デバッグ：「　ユーザー登録ページ　
[09-Oct-2020 14:51:11 UTC] デバッグ：「「「「「「「「「「「「「「「「「「「「「「「「「「「「「「「「「「「「「「「「
[09-Oct-2020 14:51:11 UTC] デバッグ：>>>>>>>>>>>>>>>>>>>>>>>>>>>>>>>>>>>>>>>>>>>>>>>> 画面表示処理開始
[09-Oct-2020 14:51:11 UTC] デバッグ：セッションID：h3l2qqulnaq80uns4i4t82ntd6
[09-Oct-2020 14:51:11 UTC] デバッグ：セッション変数の中身：Array
(
)

[09-Oct-2020 14:51:11 UTC] デバッグ：現在日時タイムスタンプ：1602255071
[09-Oct-2020 14:51:43 UTC] デバッグ：「「「「「「「「「「「「「「「「「「「「「「「「「「「「「「「「「「「「「「「「
[09-Oct-2020 14:51:43 UTC] デバッグ：「　ユーザー登録ページ　
[09-Oct-2020 14:51:43 UTC] デバッグ：「「「「「「「「「「「「「「「「「「「「「「「「「「「「「「「「「「「「「「「「
[09-Oct-2020 14:51:43 UTC] デバッグ：>>>>>>>>>>>>>>>>>>>>>>>>>>>>>>>>>>>>>>>>>>>>>>>> 画面表示処理開始
[09-Oct-2020 14:51:43 UTC] デバッグ：セッションID：m5idpkk76co40cv0d61mmd776f
[09-Oct-2020 14:51:43 UTC] デバッグ：セッション変数の中身：Array
(
)

[09-Oct-2020 14:51:43 UTC] デバッグ：現在日時タイムスタンプ：1602255103
[09-Oct-2020 14:51:43 UTC] PHP Notice:  Undefined variable: email in /Applications/MAMP/htdocs/practice/practice2/signup.php on line 166
[09-Oct-2020 14:51:43 UTC] デバッグ：「「「「「「「「「「「「「「「「「「「「「「「「「「「「「「「「「「「「「「「「
[09-Oct-2020 14:51:43 UTC] デバッグ：「　ユーザー登録ページ　
[09-Oct-2020 14:51:43 UTC] デバッグ：「「「「「「「「「「「「「「「「「「「「「「「「「「「「「「「「「「「「「「「「
[09-Oct-2020 14:51:43 UTC] デバッグ：>>>>>>>>>>>>>>>>>>>>>>>>>>>>>>>>>>>>>>>>>>>>>>>> 画面表示処理開始
[09-Oct-2020 14:51:43 UTC] デバッグ：セッションID：9grrmrcg7s4k90j6re4d3g9kqa
[09-Oct-2020 14:51:43 UTC] デバッグ：セッション変数の中身：Array
(
)

[09-Oct-2020 14:51:43 UTC] デバッグ：現在日時タイムスタンプ：1602255103
[09-Oct-2020 14:51:43 UTC] PHP Notice:  Undefined variable: email in /Applications/MAMP/htdocs/practice/practice2/signup.php on line 166
[09-Oct-2020 15:01:50 UTC] デバッグ：「「「「「「「「「「「「「「「「「「「「「「「「「「「「「「「「「「「「「「「「
[09-Oct-2020 15:01:50 UTC] デバッグ：「　ユーザー登録ページ　
[09-Oct-2020 15:01:50 UTC] デバッグ：「「「「「「「「「「「「「「「「「「「「「「「「「「「「「「「「「「「「「「「「
[09-Oct-2020 15:01:50 UTC] デバッグ：>>>>>>>>>>>>>>>>>>>>>>>>>>>>>>>>>>>>>>>>>>>>>>>> 画面表示処理開始
[09-Oct-2020 15:01:50 UTC] デバッグ：セッションID：mhi4psbe7k2l9hmmefr8gea4ed
[09-Oct-2020 15:01:50 UTC] デバッグ：セッション変数の中身：Array
(
)

[09-Oct-2020 15:01:50 UTC] デバッグ：現在日時タイムスタンプ：1602255710
[09-Oct-2020 15:01:50 UTC] PHP Notice:  Undefined variable: email in /Applications/MAMP/htdocs/practice/practice2/signup.php on line 167
[09-Oct-2020 15:01:50 UTC] デバッグ：「「「「「「「「「「「「「「「「「「「「「「「「「「「「「「「「「「「「「「「「
[09-Oct-2020 15:01:50 UTC] デバッグ：「　ユーザー登録ページ　
[09-Oct-2020 15:01:50 UTC] デバッグ：「「「「「「「「「「「「「「「「「「「「「「「「「「「「「「「「「「「「「「「「
[09-Oct-2020 15:01:50 UTC] デバッグ：>>>>>>>>>>>>>>>>>>>>>>>>>>>>>>>>>>>>>>>>>>>>>>>> 画面表示処理開始
[09-Oct-2020 15:01:50 UTC] デバッグ：セッションID：1gsubq08pho87k8sbk71nsakas
[09-Oct-2020 15:01:50 UTC] デバッグ：セッション変数の中身：Array
(
)

[09-Oct-2020 15:01:50 UTC] デバッグ：現在日時タイムスタンプ：1602255710
[09-Oct-2020 15:01:50 UTC] PHP Notice:  Undefined variable: email in /Applications/MAMP/htdocs/practice/practice2/signup.php on line 167
[09-Oct-2020 15:05:22 UTC] デバッグ：「「「「「「「「「「「「「「「「「「「「「「「「「「「「「「「「「「「「「「「「
[09-Oct-2020 15:05:22 UTC] デバッグ：「　ユーザー登録ページ　
[09-Oct-2020 15:05:22 UTC] デバッグ：「「「「「「「「「「「「「「「「「「「「「「「「「「「「「「「「「「「「「「「「
[09-Oct-2020 15:05:22 UTC] デバッグ：>>>>>>>>>>>>>>>>>>>>>>>>>>>>>>>>>>>>>>>>>>>>>>>> 画面表示処理開始
[09-Oct-2020 15:05:22 UTC] デバッグ：セッションID：08d2vq82st7ndgito5rh1b835m
[09-Oct-2020 15:05:22 UTC] デバッグ：セッション変数の中身：Array
(
)

[09-Oct-2020 15:05:22 UTC] デバッグ：現在日時タイムスタンプ：1602255922
[09-Oct-2020 15:05:22 UTC] PHP Notice:  Undefined variable: email in /Applications/MAMP/htdocs/practice/practice2/signup.php on line 167
[09-Oct-2020 15:05:22 UTC] デバッグ：「「「「「「「「「「「「「「「「「「「「「「「「「「「「「「「「「「「「「「「「
[09-Oct-2020 15:05:22 UTC] デバッグ：「　ユーザー登録ページ　
[09-Oct-2020 15:05:22 UTC] デバッグ：「「「「「「「「「「「「「「「「「「「「「「「「「「「「「「「「「「「「「「「「
[09-Oct-2020 15:05:22 UTC] デバッグ：>>>>>>>>>>>>>>>>>>>>>>>>>>>>>>>>>>>>>>>>>>>>>>>> 画面表示処理開始
[09-Oct-2020 15:05:22 UTC] デバッグ：セッションID：3jn03r1u2gr8elflnjmneuqo5g
[09-Oct-2020 15:05:22 UTC] デバッグ：セッション変数の中身：Array
(
)

[09-Oct-2020 15:05:22 UTC] デバッグ：現在日時タイムスタンプ：1602255922
[09-Oct-2020 15:05:22 UTC] PHP Notice:  Undefined variable: email in /Applications/MAMP/htdocs/practice/practice2/signup.php on line 167



















[09-Oct-2020 15:07:39 UTC] デバッグ：「「「「「「「「「「「「「「「「「「「「「「「「「「「「「「「「「「「「「「「「
[09-Oct-2020 15:07:39 UTC] デバッグ：「　ユーザー登録ページ　
[09-Oct-2020 15:07:39 UTC] デバッグ：「「「「「「「「「「「「「「「「「「「「「「「「「「「「「「「「「「「「「「「「
[09-Oct-2020 15:07:39 UTC] デバッグ：>>>>>>>>>>>>>>>>>>>>>>>>>>>>>>>>>>>>>>>>>>>>>>>> 画面表示処理開始
[09-Oct-2020 15:07:39 UTC] デバッグ：セッションID：12cd1i2mn9rgn5d382p2ddiq4p
[09-Oct-2020 15:07:39 UTC] デバッグ：セッション変数の中身：Array
(
)

[09-Oct-2020 15:07:39 UTC] デバッグ：現在日時タイムスタンプ：1602256059
[09-Oct-2020 15:07:39 UTC] デバッグ：「「「「「「「「「「「「「「「「「「「「「「「「「「「「「「「「「「「「「「「「
[09-Oct-2020 15:07:39 UTC] デバッグ：「　ユーザー登録ページ　
[09-Oct-2020 15:07:39 UTC] デバッグ：「「「「「「「「「「「「「「「「「「「「「「「「「「「「「「「「「「「「「「「「
[09-Oct-2020 15:07:39 UTC] デバッグ：>>>>>>>>>>>>>>>>>>>>>>>>>>>>>>>>>>>>>>>>>>>>>>>> 画面表示処理開始
[09-Oct-2020 15:07:39 UTC] デバッグ：セッションID：k8vhqbogqks0o9loqontgi7tim
[09-Oct-2020 15:07:39 UTC] デバッグ：セッション変数の中身：Array
(
)

[09-Oct-2020 15:07:39 UTC] デバッグ：現在日時タイムスタンプ：1602256059
[09-Oct-2020 15:09:21 UTC] デバッグ：「「「「「「「「「「「「「「「「「「「「「「「「「「「「「「「「「「「「「「「「
[09-Oct-2020 15:09:21 UTC] デバッグ：「　ユーザー登録ページ　
[09-Oct-2020 15:09:21 UTC] デバッグ：「「「「「「「「「「「「「「「「「「「「「「「「「「「「「「「「「「「「「「「「
[09-Oct-2020 15:09:21 UTC] デバッグ：>>>>>>>>>>>>>>>>>>>>>>>>>>>>>>>>>>>>>>>>>>>>>>>> 画面表示処理開始
[09-Oct-2020 15:09:21 UTC] デバッグ：セッションID：7tjat2jfib9l7mt02jbbargv1d
[09-Oct-2020 15:09:21 UTC] デバッグ：セッション変数の中身：Array
(
)

[09-Oct-2020 15:09:21 UTC] デバッグ：現在日時タイムスタンプ：1602256161
[09-Oct-2020 15:09:21 UTC] PHP Notice:  Undefined index: email in /Applications/MAMP/htdocs/practice/practice2/signup.php on line 167
[09-Oct-2020 15:09:21 UTC] デバッグ：「「「「「「「「「「「「「「「「「「「「「「「「「「「「「「「「「「「「「「「「
[09-Oct-2020 15:09:21 UTC] デバッグ：「　ユーザー登録ページ　
[09-Oct-2020 15:09:21 UTC] デバッグ：「「「「「「「「「「「「「「「「「「「「「「「「「「「「「「「「「「「「「「「「
[09-Oct-2020 15:09:21 UTC] デバッグ：>>>>>>>>>>>>>>>>>>>>>>>>>>>>>>>>>>>>>>>>>>>>>>>> 画面表示処理開始
[09-Oct-2020 15:09:21 UTC] デバッグ：セッションID：n8b986s8rf01nr48upcpd122a5
[09-Oct-2020 15:09:21 UTC] デバッグ：セッション変数の中身：Array
(
)

[09-Oct-2020 15:09:21 UTC] デバッグ：現在日時タイムスタンプ：1602256161
[09-Oct-2020 15:09:21 UTC] PHP Notice:  Undefined index: email in /Applications/MAMP/htdocs/practice/practice2/signup.php on line 167
[09-Oct-2020 15:10:22 UTC] デバッグ：「「「「「「「「「「「「「「「「「「「「「「「「「「「「「「「「「「「「「「「「
[09-Oct-2020 15:10:22 UTC] デバッグ：「　ユーザー登録ページ　
[09-Oct-2020 15:10:22 UTC] デバッグ：「「「「「「「「「「「「「「「「「「「「「「「「「「「「「「「「「「「「「「「「
[09-Oct-2020 15:10:22 UTC] デバッグ：>>>>>>>>>>>>>>>>>>>>>>>>>>>>>>>>>>>>>>>>>>>>>>>> 画面表示処理開始
[09-Oct-2020 15:10:22 UTC] デバッグ：セッションID：hrja04vntu2i99f772nq4nvnkf
[09-Oct-2020 15:10:22 UTC] デバッグ：セッション変数の中身：Array
(
)

[09-Oct-2020 15:10:22 UTC] デバッグ：現在日時タイムスタンプ：1602256222
[09-Oct-2020 15:10:22 UTC] PHP Notice:  Undefined index: email in /Applications/MAMP/htdocs/practice/practice2/signup.php on line 163
[09-Oct-2020 15:10:22 UTC] デバッグ：「「「「「「「「「「「「「「「「「「「「「「「「「「「「「「「「「「「「「「「「
[09-Oct-2020 15:10:22 UTC] デバッグ：「　ユーザー登録ページ　
[09-Oct-2020 15:10:22 UTC] デバッグ：「「「「「「「「「「「「「「「「「「「「「「「「「「「「「「「「「「「「「「「「
[09-Oct-2020 15:10:22 UTC] デバッグ：>>>>>>>>>>>>>>>>>>>>>>>>>>>>>>>>>>>>>>>>>>>>>>>> 画面表示処理開始
[09-Oct-2020 15:10:22 UTC] デバッグ：セッションID：0pt46i4gd7l2ge6jboq6vhmcio
[09-Oct-2020 15:10:22 UTC] デバッグ：セッション変数の中身：Array
(
)

[09-Oct-2020 15:10:22 UTC] デバッグ：現在日時タイムスタンプ：1602256222
[09-Oct-2020 15:10:22 UTC] PHP Notice:  Undefined index: email in /Applications/MAMP/htdocs/practice/practice2/signup.php on line 163
x








x[09-Oct-2020 15:11:49 UTC] デバッグ：「「「「「「「「「「「「「「「「「「「「「「「「「「「「「「「「「「「「「「「「
[09-Oct-2020 15:11:49 UTC] デバッグ：「　ユーザー登録ページ　
[09-Oct-2020 15:11:49 UTC] デバッグ：「「「「「「「「「「「「「「「「「「「「「「「「「「「「「「「「「「「「「「「「
[09-Oct-2020 15:11:49 UTC] デバッグ：>>>>>>>>>>>>>>>>>>>>>>>>>>>>>>>>>>>>>>>>>>>>>>>> 画面表示処理開始
[09-Oct-2020 15:11:49 UTC] デバッグ：セッションID：7pbggghltflb1psrafkrqejjbe
[09-Oct-2020 15:11:49 UTC] デバッグ：セッション変数の中身：Array
(
)

[09-Oct-2020 15:11:49 UTC] デバッグ：現在日時タイムスタンプ：1602256309
[09-Oct-2020 15:11:49 UTC] PHP Notice:  Undefined index: email in /Applications/MAMP/htdocs/practice/practice2/signup.php on line 163
[09-Oct-2020 15:11:49 UTC] デバッグ：「「「「「「「「「「「「「「「「「「「「「「「「「「「「「「「「「「「「「「「「
[09-Oct-2020 15:11:49 UTC] デバッグ：「　ユーザー登録ページ　
[09-Oct-2020 15:11:49 UTC] デバッグ：「「「「「「「「「「「「「「「「「「「「「「「「「「「「「「「「「「「「「「「「
[09-Oct-2020 15:11:49 UTC] デバッグ：>>>>>>>>>>>>>>>>>>>>>>>>>>>>>>>>>>>>>>>>>>>>>>>> 画面表示処理開始
[09-Oct-2020 15:11:49 UTC] デバッグ：セッションID：r3gv8psu77r60ijdp1gqbhpfdn
[09-Oct-2020 15:11:49 UTC] デバッグ：セッション変数の中身：Array
(
)

[09-Oct-2020 15:11:49 UTC] デバッグ：現在日時タイムスタンプ：1602256309
[09-Oct-2020 15:11:49 UTC] PHP Notice:  Undefined index: email in /Applications/MAMP/htdocs/practice/practice2/signup.php on line 163
[09-Oct-2020 15:12:46 UTC] デバッグ：「「「「「「「「「「「「「「「「「「「「「「「「「「「「「「「「「「「「「「「「
[09-Oct-2020 15:12:46 UTC] デバッグ：「　ユーザー登録ページ　
[09-Oct-2020 15:12:46 UTC] デバッグ：「「「「「「「「「「「「「「「「「「「「「「「「「「「「「「「「「「「「「「「「
[09-Oct-2020 15:12:46 UTC] デバッグ：>>>>>>>>>>>>>>>>>>>>>>>>>>>>>>>>>>>>>>>>>>>>>>>> 画面表示処理開始
[09-Oct-2020 15:12:46 UTC] デバッグ：セッションID：qnmg411p6efe07upigcomqdvb9
[09-Oct-2020 15:12:46 UTC] デバッグ：セッション変数の中身：Array
(
)

[09-Oct-2020 15:12:46 UTC] デバッグ：現在日時タイムスタンプ：1602256366
[09-Oct-2020 15:12:46 UTC] PHP Notice:  Undefined index: email in /Applications/MAMP/htdocs/practice/practice2/signup.php on line 163
[09-Oct-2020 15:12:46 UTC] デバッグ：「「「「「「「「「「「「「「「「「「「「「「「「「「「「「「「「「「「「「「「「
[09-Oct-2020 15:12:46 UTC] デバッグ：「　ユーザー登録ページ　
[09-Oct-2020 15:12:46 UTC] デバッグ：「「「「「「「「「「「「「「「「「「「「「「「「「「「「「「「「「「「「「「「「
[09-Oct-2020 15:12:46 UTC] デバッグ：>>>>>>>>>>>>>>>>>>>>>>>>>>>>>>>>>>>>>>>>>>>>>>>> 画面表示処理開始
[09-Oct-2020 15:12:46 UTC] デバッグ：セッションID：mf52dnfie3tnv4354dlm701v95
[09-Oct-2020 15:12:46 UTC] デバッグ：セッション変数の中身：Array
(
)

[09-Oct-2020 15:12:46 UTC] デバッグ：現在日時タイムスタンプ：1602256366
[09-Oct-2020 15:12:46 UTC] PHP Notice:  Undefined index: email in /Applications/MAMP/htdocs/practice/practice2/signup.php on line 163
[09-Oct-2020 15:13:09 UTC] デバッグ：「「「「「「「「「「「「「「「「「「「「「「「「「「「「「「「「「「「「「「「「
[09-Oct-2020 15:13:09 UTC] デバッグ：「　ユーザー登録ページ　
[09-Oct-2020 15:13:09 UTC] デバッグ：「「「「「「「「「「「「「「「「「「「「「「「「「「「「「「「「「「「「「「「「
[09-Oct-2020 15:13:09 UTC] デバッグ：>>>>>>>>>>>>>>>>>>>>>>>>>>>>>>>>>>>>>>>>>>>>>>>> 画面表示処理開始
[09-Oct-2020 15:13:09 UTC] デバッグ：セッションID：r9ukjfb1b0l2g28njrvqa4agcc
[09-Oct-2020 15:13:09 UTC] デバッグ：セッション変数の中身：Array
(
)

[09-Oct-2020 15:13:09 UTC] デバッグ：現在日時タイムスタンプ：1602256389
[09-Oct-2020 15:13:09 UTC] PHP Notice:  Undefined variable: email in /Applications/MAMP/htdocs/practice/practice2/signup.php on line 163
[09-Oct-2020 15:13:09 UTC] デバッグ：「「「「「「「「「「「「「「「「「「「「「「「「「「「「「「「「「「「「「「「「
[09-Oct-2020 15:13:09 UTC] デバッグ：「　ユーザー登録ページ　
[09-Oct-2020 15:13:09 UTC] デバッグ：「「「「「「「「「「「「「「「「「「「「「「「「「「「「「「「「「「「「「「「「
[09-Oct-2020 15:13:09 UTC] デバッグ：>>>>>>>>>>>>>>>>>>>>>>>>>>>>>>>>>>>>>>>>>>>>>>>> 画面表示処理開始
[09-Oct-2020 15:13:09 UTC] デバッグ：セッションID：hh3f70n8sv1s2e4eq7elinog2k
[09-Oct-2020 15:13:09 UTC] デバッグ：セッション変数の中身：Array
(
)

[09-Oct-2020 15:13:09 UTC] デバッグ：現在日時タイムスタンプ：1602256389
[09-Oct-2020 15:13:09 UTC] PHP Notice:  Undefined variable: email in /Applications/MAMP/htdocs/practice/practice2/signup.php on line 163
[09-Oct-2020 15:13:47 UTC] デバッグ：「「「「「「「「「「「「「「「「「「「「「「「「「「「「「「「「「「「「「「「「
[09-Oct-2020 15:13:47 UTC] デバッグ：「　ユーザー登録ページ　
[09-Oct-2020 15:13:47 UTC] デバッグ：「「「「「「「「「「「「「「「「「「「「「「「「「「「「「「「「「「「「「「「「
[09-Oct-2020 15:13:47 UTC] デバッグ：>>>>>>>>>>>>>>>>>>>>>>>>>>>>>>>>>>>>>>>>>>>>>>>> 画面表示処理開始
[09-Oct-2020 15:13:47 UTC] デバッグ：セッションID：3fvqtvsvdd4beil4bmn4d0kacl
[09-Oct-2020 15:13:47 UTC] デバッグ：セッション変数の中身：Array
(
)

[09-Oct-2020 15:13:47 UTC] デバッグ：現在日時タイムスタンプ：1602256427
[09-Oct-2020 15:13:47 UTC] デバッグ：「「「「「「「「「「「「「「「「「「「「「「「「「「「「「「「「「「「「「「「「
[09-Oct-2020 15:13:47 UTC] デバッグ：「　ユーザー登録ページ　
[09-Oct-2020 15:13:47 UTC] デバッグ：「「「「「「「「「「「「「「「「「「「「「「「「「「「「「「「「「「「「「「「「
[09-Oct-2020 15:13:47 UTC] デバッグ：>>>>>>>>>>>>>>>>>>>>>>>>>>>>>>>>>>>>>>>>>>>>>>>> 画面表示処理開始
[09-Oct-2020 15:13:47 UTC] デバッグ：セッションID：teh0socqvai1uqos8fqjc1mh85
[09-Oct-2020 15:13:47 UTC] デバッグ：セッション変数の中身：Array
(
)

[09-Oct-2020 15:13:47 UTC] デバッグ：現在日時タイムスタンプ：1602256427








[09-Oct-2020 15:14:52 UTC] デバッグ：「「「「「「「「「「「「「「「「「「「「「「「「「「「「「「「「「「「「「「「「
[09-Oct-2020 15:14:52 UTC] デバッグ：「　ユーザー登録ページ　
[09-Oct-2020 15:14:52 UTC] デバッグ：「「「「「「「「「「「「「「「「「「「「「「「「「「「「「「「「「「「「「「「「
[09-Oct-2020 15:14:52 UTC] デバッグ：>>>>>>>>>>>>>>>>>>>>>>>>>>>>>>>>>>>>>>>>>>>>>>>> 画面表示処理開始
[09-Oct-2020 15:14:52 UTC] デバッグ：セッションID：lb00he1vbqrgng0ell65ga259t
[09-Oct-2020 15:14:52 UTC] デバッグ：セッション変数の中身：Array
(
)

[09-Oct-2020 15:14:52 UTC] デバッグ：現在日時タイムスタンプ：1602256492
[09-Oct-2020 15:14:52 UTC] デバッグ：「「「「「「「「「「「「「「「「「「「「「「「「「「「「「「「「「「「「「「「「
[09-Oct-2020 15:14:52 UTC] デバッグ：「　ユーザー登録ページ　
[09-Oct-2020 15:14:52 UTC] デバッグ：「「「「「「「「「「「「「「「「「「「「「「「「「「「「「「「「「「「「「「「「
[09-Oct-2020 15:14:52 UTC] デバッグ：>>>>>>>>>>>>>>>>>>>>>>>>>>>>>>>>>>>>>>>>>>>>>>>> 画面表示処理開始
[09-Oct-2020 15:14:52 UTC] デバッグ：セッションID：5re2cm599osj99lo6sbg6c1lqf
[09-Oct-2020 15:14:52 UTC] デバッグ：セッション変数の中身：Array
(
)

[09-Oct-2020 15:14:52 UTC] デバッグ：現在日時タイムスタンプ：1602256492
[09-Oct-2020 15:17:48 UTC] デバッグ：「「「「「「「「「「「「「「「「「「「「「「「「「「「「「「「「「「「「「「「「
[09-Oct-2020 15:17:48 UTC] デバッグ：「　ユーザー登録ページ　
[09-Oct-2020 15:17:48 UTC] デバッグ：「「「「「「「「「「「「「「「「「「「「「「「「「「「「「「「「「「「「「「「「
[09-Oct-2020 15:17:48 UTC] デバッグ：>>>>>>>>>>>>>>>>>>>>>>>>>>>>>>>>>>>>>>>>>>>>>>>> 画面表示処理開始
[09-Oct-2020 15:17:48 UTC] デバッグ：セッションID：vroifert51bd6li1np8fja4i8h
[09-Oct-2020 15:17:48 UTC] デバッグ：セッション変数の中身：Array
(
)

[09-Oct-2020 15:17:48 UTC] デバッグ：現在日時タイムスタンプ：1602256668
[09-Oct-2020 15:17:48 UTC] デバッグ：「「「「「「「「「「「「「「「「「「「「「「「「「「「「「「「「「「「「「「「「
[09-Oct-2020 15:17:48 UTC] デバッグ：「　ユーザー登録ページ　
[09-Oct-2020 15:17:48 UTC] デバッグ：「「「「「「「「「「「「「「「「「「「「「「「「「「「「「「「「「「「「「「「「
[09-Oct-2020 15:17:48 UTC] デバッグ：>>>>>>>>>>>>>>>>>>>>>>>>>>>>>>>>>>>>>>>>>>>>>>>> 画面表示処理開始
[09-Oct-2020 15:17:48 UTC] デバッグ：セッションID：t9g8qrnl2ih1jrcqj5rbou9he3
[09-Oct-2020 15:17:48 UTC] デバッグ：セッション変数の中身：Array
(
)

[09-Oct-2020 15:17:48 UTC] デバッグ：現在日時タイムスタンプ：1602256668
[09-Oct-2020 15:19:20 UTC] デバッグ：「「「「「「「「「「「「「「「「「「「「「「「「「「「「「「「「「「「「「「「「
[09-Oct-2020 15:19:20 UTC] デバッグ：「　ユーザー登録ページ　
[09-Oct-2020 15:19:20 UTC] デバッグ：「「「「「「「「「「「「「「「「「「「「「「「「「「「「「「「「「「「「「「「「
[09-Oct-2020 15:19:20 UTC] デバッグ：>>>>>>>>>>>>>>>>>>>>>>>>>>>>>>>>>>>>>>>>>>>>>>>> 画面表示処理開始
[09-Oct-2020 15:19:20 UTC] デバッグ：セッションID：igi5mvco7ojb4i7gkv6au0974s
[09-Oct-2020 15:19:20 UTC] デバッグ：セッション変数の中身：Array
(
)

[09-Oct-2020 15:19:20 UTC] デバッグ：現在日時タイムスタンプ：1602256760
[09-Oct-2020 15:19:21 UTC] デバッグ：「「「「「「「「「「「「「「「「「「「「「「「「「「「「「「「「「「「「「「「「
[09-Oct-2020 15:19:21 UTC] デバッグ：「　ユーザー登録ページ　
[09-Oct-2020 15:19:21 UTC] デバッグ：「「「「「「「「「「「「「「「「「「「「「「「「「「「「「「「「「「「「「「「「
[09-Oct-2020 15:19:21 UTC] デバッグ：>>>>>>>>>>>>>>>>>>>>>>>>>>>>>>>>>>>>>>>>>>>>>>>> 画面表示処理開始
[09-Oct-2020 15:19:21 UTC] デバッグ：セッションID：s7e8t4me5kq4mrhc7dnu8tsjfi
[09-Oct-2020 15:19:21 UTC] デバッグ：セッション変数の中身：Array
(
)

[09-Oct-2020 15:19:21 UTC] デバッグ：現在日時タイムスタンプ：1602256761
[09-Oct-2020 15:24:47 UTC] デバッグ：「「「「「「「「「「「「「「「「「「「「「「「「「「「「「「「「「「「「「「「「
[09-Oct-2020 15:24:47 UTC] デバッグ：「　ユーザー登録ページ　
[09-Oct-2020 15:24:47 UTC] デバッグ：「「「「「「「「「「「「「「「「「「「「「「「「「「「「「「「「「「「「「「「「
[09-Oct-2020 15:24:47 UTC] デバッグ：>>>>>>>>>>>>>>>>>>>>>>>>>>>>>>>>>>>>>>>>>>>>>>>> 画面表示処理開始
[09-Oct-2020 15:24:47 UTC] デバッグ：セッションID：ctmiu5uov5afj26kp5ctvf57dn
[09-Oct-2020 15:24:47 UTC] デバッグ：セッション変数の中身：Array
(
)

[09-Oct-2020 15:24:47 UTC] デバッグ：現在日時タイムスタンプ：1602257087
[09-Oct-2020 15:24:47 UTC] デバッグ：「「「「「「「「「「「「「「「「「「「「「「「「「「「「「「「「「「「「「「「「
[09-Oct-2020 15:24:47 UTC] デバッグ：「　ユーザー登録ページ　
[09-Oct-2020 15:24:47 UTC] デバッグ：「「「「「「「「「「「「「「「「「「「「「「「「「「「「「「「「「「「「「「「「
[09-Oct-2020 15:24:47 UTC] デバッグ：>>>>>>>>>>>>>>>>>>>>>>>>>>>>>>>>>>>>>>>>>>>>>>>> 画面表示処理開始
[09-Oct-2020 15:24:47 UTC] デバッグ：セッションID：m74g2nhgu0dkvonidnb18ff6a0
[09-Oct-2020 15:24:47 UTC] デバッグ：セッション変数の中身：Array
(
)

[09-Oct-2020 15:24:47 UTC] デバッグ：現在日時タイムスタンプ：1602257087
[09-Oct-2020 15:25:00 UTC] デバッグ：「「「「「「「「「「「「「「「「「「「「「「「「「「「「「「「「「「「「「「「「
[09-Oct-2020 15:25:00 UTC] デバッグ：「　ユーザー登録ページ　
[09-Oct-2020 15:25:00 UTC] デバッグ：「「「「「「「「「「「「「「「「「「「「「「「「「「「「「「「「「「「「「「「「
[09-Oct-2020 15:25:00 UTC] デバッグ：>>>>>>>>>>>>>>>>>>>>>>>>>>>>>>>>>>>>>>>>>>>>>>>> 画面表示処理開始
[09-Oct-2020 15:25:00 UTC] デバッグ：セッションID：ptornjf3384hgd4qrk6faiaegs
[09-Oct-2020 15:25:00 UTC] デバッグ：セッション変数の中身：Array
(
)

[09-Oct-2020 15:25:00 UTC] デバッグ：現在日時タイムスタンプ：1602257100
[09-Oct-2020 15:25:00 UTC] エラー発生:SQLSTATE[HY000] [2002] No route to host
[09-Oct-2020 15:26:03 UTC] デバッグ：「「「「「「「「「「「「「「「「「「「「「「「「「「「「「「「「「「「「「「「「
[09-Oct-2020 15:26:03 UTC] デバッグ：「　ユーザー登録ページ　
[09-Oct-2020 15:26:03 UTC] デバッグ：「「「「「「「「「「「「「「「「「「「「「「「「「「「「「「「「「「「「「「「「
[09-Oct-2020 15:26:03 UTC] デバッグ：>>>>>>>>>>>>>>>>>>>>>>>>>>>>>>>>>>>>>>>>>>>>>>>> 画面表示処理開始
[09-Oct-2020 15:26:03 UTC] デバッグ：セッションID：pnl44ghvlvcoeu11tpuhc6v74l
[09-Oct-2020 15:26:03 UTC] デバッグ：セッション変数の中身：Array
(
)

[09-Oct-2020 15:26:03 UTC] デバッグ：現在日時タイムスタンプ：1602257163
[09-Oct-2020 15:26:03 UTC] PHP Fatal error:  Uncaught Error: Call to undefined function queryPost() in /Applications/MAMP/htdocs/practice/practice2/function.php:119
Stack trace:
#0 /Applications/MAMP/htdocs/practice/practice2/signup.php(32): validEmailDup('test@gmail.com')
#1 {main}
  thrown in /Applications/MAMP/htdocs/practice/practice2/function.php on line 119
[09-Oct-2020 15:26:07 UTC] デバッグ：「「「「「「「「「「「「「「「「「「「「「「「「「「「「「「「「「「「「「「「「
[09-Oct-2020 15:26:07 UTC] デバッグ：「　ユーザー登録ページ　
[09-Oct-2020 15:26:07 UTC] デバッグ：「「「「「「「「「「「「「「「「「「「「「「「「「「「「「「「「「「「「「「「「
[09-Oct-2020 15:26:07 UTC] デバッグ：>>>>>>>>>>>>>>>>>>>>>>>>>>>>>>>>>>>>>>>>>>>>>>>> 画面表示処理開始
[09-Oct-2020 15:26:07 UTC] デバッグ：セッションID：95lkoa6eurbr2gsr1mpac1871q
[09-Oct-2020 15:26:07 UTC] デバッグ：セッション変数の中身：Array
(
)

[09-Oct-2020 15:26:07 UTC] デバッグ：現在日時タイムスタンプ：1602257167
[09-Oct-2020 15:26:07 UTC] PHP Fatal error:  Uncaught Error: Call to undefined function queryPost() in /Applications/MAMP/htdocs/practice/practice2/function.php:119
Stack trace:
#0 /Applications/MAMP/htdocs/practice/practice2/signup.php(32): validEmailDup('test@gmail.com')
#1 {main}
  thrown in /Applications/MAMP/htdocs/practice/practice2/function.php on line 119
[09-Oct-2020 15:26:07 UTC] デバッグ：「「「「「「「「「「「「「「「「「「「「「「「「「「「「「「「「「「「「「「「「
[09-Oct-2020 15:26:07 UTC] デバッグ：「　ユーザー登録ページ　
[09-Oct-2020 15:26:07 UTC] デバッグ：「「「「「「「「「「「「「「「「「「「「「「「「「「「「「「「「「「「「「「「「
[09-Oct-2020 15:26:07 UTC] デバッグ：>>>>>>>>>>>>>>>>>>>>>>>>>>>>>>>>>>>>>>>>>>>>>>>> 画面表示処理開始
[09-Oct-2020 15:26:07 UTC] デバッグ：セッションID：h6cposf2o8lkqtfnou8o5j90ic
[09-Oct-2020 15:26:07 UTC] デバッグ：セッション変数の中身：Array
(
)

[09-Oct-2020 15:26:07 UTC] デバッグ：現在日時タイムスタンプ：1602257167
[09-Oct-2020 15:26:07 UTC] PHP Fatal error:  Uncaught Error: Call to undefined function queryPost() in /Applications/MAMP/htdocs/practice/practice2/function.php:119
Stack trace:
#0 /Applications/MAMP/htdocs/practice/practice2/signup.php(32): validEmailDup('test@gmail.com')
#1 {main}
  thrown in /Applications/MAMP/htdocs/practice/practice2/function.php on line 119
[09-Oct-2020 15:26:16 UTC] デバッグ：「「「「「「「「「「「「「「「「「「「「「「「「「「「「「「「「「「「「「「「「
[09-Oct-2020 15:26:16 UTC] デバッグ：「　ユーザー登録ページ　
[09-Oct-2020 15:26:16 UTC] デバッグ：「「「「「「「「「「「「「「「「「「「「「「「「「「「「「「「「「「「「「「「「
[09-Oct-2020 15:26:16 UTC] デバッグ：>>>>>>>>>>>>>>>>>>>>>>>>>>>>>>>>>>>>>>>>>>>>>>>> 画面表示処理開始
[09-Oct-2020 15:26:16 UTC] デバッグ：セッションID：k084a92u2vme9h1i579fhvc6vb
[09-Oct-2020 15:26:16 UTC] デバッグ：セッション変数の中身：Array
(
)

[09-Oct-2020 15:26:16 UTC] デバッグ：現在日時タイムスタンプ：1602257176
[09-Oct-2020 15:26:16 UTC] デバッグ：「「「「「「「「「「「「「「「「「「「「「「「「「「「「「「「「「「「「「「「「
[09-Oct-2020 15:26:16 UTC] デバッグ：「　ユーザー登録ページ　
[09-Oct-2020 15:26:16 UTC] デバッグ：「「「「「「「「「「「「「「「「「「「「「「「「「「「「「「「「「「「「「「「「
[09-Oct-2020 15:26:16 UTC] デバッグ：>>>>>>>>>>>>>>>>>>>>>>>>>>>>>>>>>>>>>>>>>>>>>>>> 画面表示処理開始
[09-Oct-2020 15:26:16 UTC] デバッグ：セッションID：rg8s5t4ie5dvk0p1cba7fbco9o
[09-Oct-2020 15:26:16 UTC] デバッグ：セッション変数の中身：Array
(
)

[09-Oct-2020 15:26:16 UTC] デバッグ：現在日時タイムスタンプ：1602257176
[09-Oct-2020 15:26:32 UTC] デバッグ：「「「「「「「「「「「「「「「「「「「「「「「「「「「「「「「「「「「「「「「「
[09-Oct-2020 15:26:32 UTC] デバッグ：「　ユーザー登録ページ　
[09-Oct-2020 15:26:32 UTC] デバッグ：「「「「「「「「「「「「「「「「「「「「「「「「「「「「「「「「「「「「「「「「
[09-Oct-2020 15:26:32 UTC] デバッグ：>>>>>>>>>>>>>>>>>>>>>>>>>>>>>>>>>>>>>>>>>>>>>>>> 画面表示処理開始
[09-Oct-2020 15:26:32 UTC] デバッグ：セッションID：4dsaekovcq0vb14vkualvtml4h
[09-Oct-2020 15:26:32 UTC] デバッグ：セッション変数の中身：Array
(
)

[09-Oct-2020 15:26:32 UTC] デバッグ：現在日時タイムスタンプ：1602257192
[09-Oct-2020 15:26:32 UTC] PHP Fatal error:  Uncaught Error: Call to undefined function queryPost() in /Applications/MAMP/htdocs/practice/practice2/function.php:119
Stack trace:
#0 /Applications/MAMP/htdocs/practice/practice2/signup.php(32): validEmailDup('test@gmail.com')
#1 {main}
  thrown in /Applications/MAMP/htdocs/practice/practice2/function.php on line 119
[09-Oct-2020 15:28:48 UTC] デバッグ：「「「「「「「「「「「「「「「「「「「「「「「「「「「「「「「「「「「「「「「「
[09-Oct-2020 15:28:48 UTC] デバッグ：「　ユーザー登録ページ　
[09-Oct-2020 15:28:48 UTC] デバッグ：「「「「「「「「「「「「「「「「「「「「「「「「「「「「「「「「「「「「「「「「
[09-Oct-2020 15:28:48 UTC] デバッグ：>>>>>>>>>>>>>>>>>>>>>>>>>>>>>>>>>>>>>>>>>>>>>>>> 画面表示処理開始
[09-Oct-2020 15:28:48 UTC] デバッグ：セッションID：ttbae6lrr8dfet4cdkdvfp9k72
[09-Oct-2020 15:28:48 UTC] デバッグ：セッション変数の中身：Array
(
)

[09-Oct-2020 15:28:48 UTC] デバッグ：現在日時タイムスタンプ：1602257328
[09-Oct-2020 15:28:48 UTC] デバッグ：「「「「「「「「「「「「「「「「「「「「「「「「「「「「「「「「「「「「「「「「
[09-Oct-2020 15:28:48 UTC] デバッグ：「　ユーザー登録ページ　
[09-Oct-2020 15:28:48 UTC] デバッグ：「「「「「「「「「「「「「「「「「「「「「「「「「「「「「「「「「「「「「「「「
[09-Oct-2020 15:28:48 UTC] デバッグ：>>>>>>>>>>>>>>>>>>>>>>>>>>>>>>>>>>>>>>>>>>>>>>>> 画面表示処理開始
[09-Oct-2020 15:28:48 UTC] デバッグ：セッションID：7vdcveshomoi96ntf8rtjl213m
[09-Oct-2020 15:28:48 UTC] デバッグ：セッション変数の中身：Array
(
)

[09-Oct-2020 15:28:48 UTC] デバッグ：現在日時タイムスタンプ：1602257328
[09-Oct-2020 15:29:06 UTC] デバッグ：「「「「「「「「「「「「「「「「「「「「「「「「「「「「「「「「「「「「「「「「
[09-Oct-2020 15:29:06 UTC] デバッグ：「　ユーザー登録ページ　
[09-Oct-2020 15:29:06 UTC] デバッグ：「「「「「「「「「「「「「「「「「「「「「「「「「「「「「「「「「「「「「「「「
[09-Oct-2020 15:29:06 UTC] デバッグ：>>>>>>>>>>>>>>>>>>>>>>>>>>>>>>>>>>>>>>>>>>>>>>>> 画面表示処理開始
[09-Oct-2020 15:29:06 UTC] デバッグ：セッションID：s8biclug5ft1datvs6esndrmnv
[09-Oct-2020 15:29:06 UTC] デバッグ：セッション変数の中身：Array
(
)

[09-Oct-2020 15:29:06 UTC] デバッグ：現在日時タイムスタンプ：1602257346
[09-Oct-2020 15:29:06 UTC] PHP Fatal error:  Uncaught Error: Call to undefined function queryPost() in /Applications/MAMP/htdocs/practice/practice2/function.php:119
Stack trace:
#0 /Applications/MAMP/htdocs/practice/practice2/signup.php(32): validEmailDup('test@example.co...')
#1 {main}
  thrown in /Applications/MAMP/htdocs/practice/practice2/function.php on line 119
[09-Oct-2020 15:32:53 UTC] デバッグ：「「「「「「「「「「「「「「「「「「「「「「「「「「「「「「「「「「「「「「「「
[09-Oct-2020 15:32:53 UTC] デバッグ：「　ユーザー登録ページ　
[09-Oct-2020 15:32:53 UTC] デバッグ：「「「「「「「「「「「「「「「「「「「「「「「「「「「「「「「「「「「「「「「「
[09-Oct-2020 15:32:53 UTC] デバッグ：>>>>>>>>>>>>>>>>>>>>>>>>>>>>>>>>>>>>>>>>>>>>>>>> 画面表示処理開始
[09-Oct-2020 15:32:53 UTC] デバッグ：セッションID：s06m0okg6tpq07im0od0u8lub9
[09-Oct-2020 15:32:53 UTC] デバッグ：セッション変数の中身：Array
(
)

[09-Oct-2020 15:32:53 UTC] デバッグ：現在日時タイムスタンプ：1602257573
[09-Oct-2020 15:32:53 UTC] デバッグ：「「「「「「「「「「「「「「「「「「「「「「「「「「「「「「「「「「「「「「「「
[09-Oct-2020 15:32:53 UTC] デバッグ：「　ユーザー登録ページ　
[09-Oct-2020 15:32:53 UTC] デバッグ：「「「「「「「「「「「「「「「「「「「「「「「「「「「「「「「「「「「「「「「「
[09-Oct-2020 15:32:53 UTC] デバッグ：>>>>>>>>>>>>>>>>>>>>>>>>>>>>>>>>>>>>>>>>>>>>>>>> 画面表示処理開始
[09-Oct-2020 15:32:53 UTC] デバッグ：セッションID：9lqb4f058ogqmn6347becm6id0
[09-Oct-2020 15:32:53 UTC] デバッグ：セッション変数の中身：Array
(
)

[09-Oct-2020 15:32:53 UTC] デバッグ：現在日時タイムスタンプ：1602257573
[09-Oct-2020 15:32:54 UTC] デバッグ：「「「「「「「「「「「「「「「「「「「「「「「「「「「「「「「「「「「「「「「「
[09-Oct-2020 15:32:54 UTC] デバッグ：「　ユーザー登録ページ　
[09-Oct-2020 15:32:54 UTC] デバッグ：「「「「「「「「「「「「「「「「「「「「「「「「「「「「「「「「「「「「「「「「
[09-Oct-2020 15:32:54 UTC] デバッグ：>>>>>>>>>>>>>>>>>>>>>>>>>>>>>>>>>>>>>>>>>>>>>>>> 画面表示処理開始
[09-Oct-2020 15:32:54 UTC] デバッグ：セッションID：csdealv2p802rlrevq1hsvs3fc
[09-Oct-2020 15:32:54 UTC] デバッグ：セッション変数の中身：Array
(
)

[09-Oct-2020 15:32:54 UTC] デバッグ：現在日時タイムスタンプ：1602257574
[09-Oct-2020 15:32:54 UTC] デバッグ：「「「「「「「「「「「「「「「「「「「「「「「「「「「「「「「「「「「「「「「「
[09-Oct-2020 15:32:54 UTC] デバッグ：「　ユーザー登録ページ　
[09-Oct-2020 15:32:54 UTC] デバッグ：「「「「「「「「「「「「「「「「「「「「「「「「「「「「「「「「「「「「「「「「
[09-Oct-2020 15:32:54 UTC] デバッグ：>>>>>>>>>>>>>>>>>>>>>>>>>>>>>>>>>>>>>>>>>>>>>>>> 画面表示処理開始
[09-Oct-2020 15:32:54 UTC] デバッグ：セッションID：mm9hdjriuba7ttn66rfjqugj17
[09-Oct-2020 15:32:54 UTC] デバッグ：セッション変数の中身：Array
(
)

[09-Oct-2020 15:32:54 UTC] デバッグ：現在日時タイムスタンプ：1602257574
[09-Oct-2020 15:33:05 UTC] デバッグ：「「「「「「「「「「「「「「「「「「「「「「「「「「「「「「「「「「「「「「「「
[09-Oct-2020 15:33:05 UTC] デバッグ：「　ユーザー登録ページ　
[09-Oct-2020 15:33:05 UTC] デバッグ：「「「「「「「「「「「「「「「「「「「「「「「「「「「「「「「「「「「「「「「「
[09-Oct-2020 15:33:05 UTC] デバッグ：>>>>>>>>>>>>>>>>>>>>>>>>>>>>>>>>>>>>>>>>>>>>>>>> 画面表示処理開始
[09-Oct-2020 15:33:05 UTC] デバッグ：セッションID：tuesh2gkjankmqoh4h60luqak3
[09-Oct-2020 15:33:05 UTC] デバッグ：セッション変数の中身：Array
(
)

[09-Oct-2020 15:33:05 UTC] デバッグ：現在日時タイムスタンプ：1602257585
[09-Oct-2020 15:33:05 UTC] エラー発生:SQLSTATE[HY000] [1049] Unknown database 'freemarket'
[09-Oct-2020 15:33:52 UTC] デバッグ：「「「「「「「「「「「「「「「「「「「「「「「「「「「「「「「「「「「「「「「「
[09-Oct-2020 15:33:52 UTC] デバッグ：「　ユーザー登録ページ　
[09-Oct-2020 15:33:52 UTC] デバッグ：「「「「「「「「「「「「「「「「「「「「「「「「「「「「「「「「「「「「「「「「
[09-Oct-2020 15:33:52 UTC] デバッグ：>>>>>>>>>>>>>>>>>>>>>>>>>>>>>>>>>>>>>>>>>>>>>>>> 画面表示処理開始
[09-Oct-2020 15:33:52 UTC] デバッグ：セッションID：0bem1m6smivpufivnf88mvc1fi
[09-Oct-2020 15:33:52 UTC] デバッグ：セッション変数の中身：Array
(
)

[09-Oct-2020 15:33:52 UTC] デバッグ：現在日時タイムスタンプ：1602257632
[09-Oct-2020 15:33:52 UTC] デバッグ：クエリ成功。
[09-Oct-2020 15:33:52 UTC] デバッグ：クエリに失敗しました。
[09-Oct-2020 15:33:52 UTC] デバッグ：失敗したSQL：PDOStatement Object
(
    [queryString] => INSERT INTO users (email,password,login_time,create_date) VALUES(:email,:pass,:login_time,:create_date)
)

[09-Oct-2020 15:38:16 UTC] デバッグ：「「「「「「「「「「「「「「「「「「「「「「「「「「「「「「「「「「「「「「「「
[09-Oct-2020 15:38:16 UTC] デバッグ：「　ユーザー登録ページ　
[09-Oct-2020 15:38:16 UTC] デバッグ：「「「「「「「「「「「「「「「「「「「「「「「「「「「「「「「「「「「「「「「「
[09-Oct-2020 15:38:16 UTC] デバッグ：>>>>>>>>>>>>>>>>>>>>>>>>>>>>>>>>>>>>>>>>>>>>>>>> 画面表示処理開始
[09-Oct-2020 15:38:16 UTC] デバッグ：セッションID：kj9esqp18fc5u8dsdino169gkq
[09-Oct-2020 15:38:16 UTC] デバッグ：セッション変数の中身：Array
(
)

[09-Oct-2020 15:38:16 UTC] デバッグ：現在日時タイムスタンプ：1602257896
[09-Oct-2020 15:38:16 UTC] デバッグ：クエリ成功。
[09-Oct-2020 15:38:17 UTC] デバッグ：クエリに失敗しました。
[09-Oct-2020 15:38:17 UTC] デバッグ：失敗したSQL：PDOStatement Object
(
    [queryString] => INSERT INTO users (email,password,create_date) VALUES(:email,:pass,:create_date)
)

